WARNING: A restricted method in java.lang.System has been called
WARNING: java.lang.System::load has been called by org.fusesource.jansi.internal.JansiLoader in an unnamed module (file:/C:/Users/yotisha/.m2/wrapper/dists/apache-maven-3.9.9-bin/33b4b2b4/apache-maven-3.9.9/lib/jansi-2.4.1.jar)
WARNING: Use --enable-native-access=ALL-UNNAMED to avoid a warning for callers in this module
WARNING: Restricted methods will be blocked in a future release unless native access is enabled

WARNING: A terminally deprecated method in sun.misc.Unsafe has been called
WARNING: sun.misc.Unsafe::objectFieldOffset has been called by com.google.common.util.concurrent.AbstractFuture$UnsafeAtomicHelper (file:/C:/Users/yotisha/.m2/wrapper/dists/apache-maven-3.9.9-bin/33b4b2b4/apache-maven-3.9.9/lib/guava-33.2.1-jre.jar)
WARNING: Please consider reporting this to the maintainers of class com.google.common.util.concurrent.AbstractFuture$UnsafeAtomicHelper
WARNING: sun.misc.Unsafe::objectFieldOffset will be removed in a future release

  .   ____          _            __ _ _
 /\\ / ___'_ __ _ _(_)_ __  __ _ \ \ \ \
( ( )\___ | '_ | '_| | '_ \/ _` | \ \ \ \
 \\/  ___)| |_)| | | | | || (_| |  ) ) ) )
  '  |____| .__|_| |_|_| |_\__, | / / / /
 =========|_|==============|___/=/_/_/_/

 :: Spring Boot ::                (v3.4.1)

2026-06-06T03:16:46.129+03:00  INFO 22148 --- [zotov-navigator] [           main] r.z.navigator.ZotovNavigatorApplication  : Starting ZotovNavigatorApplication using Java 25.0.2 with PID 22148 (C:\Users\yotisha\tisha\hacaton_zotov\ZotovNavigator\target\classes started by yotisha in C:\Users\yotisha\tisha\hacaton_zotov\ZotovNavigator)
2026-06-06T03:16:46.131+03:00  INFO 22148 --- [zotov-navigator] [           main] r.z.navigator.ZotovNavigatorApplication  : No active profile set, falling back to 1 default profile: "default"
2026-06-06T03:16:46.668+03:00  INFO 22148 --- [zotov-navigator] [           main] .s.d.r.c.RepositoryConfigurationDelegate : Bootstrapping Spring Data JPA repositories in DEFAULT mode.
2026-06-06T03:16:46.712+03:00  INFO 22148 --- [zotov-navigator] [           main] .s.d.r.c.RepositoryConfigurationDelegate : Finished Spring Data repository scanning in 40 ms. Found 3 JPA repository interfaces.
WARNING: A restricted method in java.lang.System has been called
WARNING: java.lang.System::load has been called by org.apache.tomcat.jni.Library in an unnamed module (file:/C:/Users/yotisha/.m2/repository/org/apache/tomcat/embed/tomcat-embed-core/10.1.34/tomcat-embed-core-10.1.34.jar)
WARNING: Use --enable-native-access=ALL-UNNAMED to avoid a warning for callers in this module
WARNING: Restricted methods will be blocked in a future release unless native access is enabled

2026-06-06T03:16:47.152+03:00  INFO 22148 --- [zotov-navigator] [           main] o.s.b.w.embedded.tomcat.TomcatWebServer  : Tomcat initialized with port 8080 (http)
2026-06-06T03:16:47.165+03:00  INFO 22148 --- [zotov-navigator] [           main] o.apache.catalina.core.StandardService   : Starting service [Tomcat]
2026-06-06T03:16:47.165+03:00  INFO 22148 --- [zotov-navigator] [           main] o.apache.catalina.core.StandardEngine    : Starting Servlet engine: [Apache Tomcat/10.1.34]
2026-06-06T03:16:47.223+03:00  INFO 22148 --- [zotov-navigator] [           main] o.a.c.c.C.[Tomcat].[localhost].[/]       : Initializing Spring embedded WebApplicationContext
2026-06-06T03:16:47.224+03:00  INFO 22148 --- [zotov-navigator] [           main] w.s.c.ServletWebServerApplicationContext : Root WebApplicationContext: initialization completed in 1060 ms
2026-06-06T03:16:47.361+03:00  INFO 22148 --- [zotov-navigator] [           main] o.hibernate.jpa.internal.util.LogHelper  : HHH000204: Processing PersistenceUnitInfo [name: default]
2026-06-06T03:16:47.441+03:00  INFO 22148 --- [zotov-navigator] [           main] org.hibernate.Version                    : HHH000412: Hibernate ORM core version 6.6.4.Final
2026-06-06T03:16:47.478+03:00  INFO 22148 --- [zotov-navigator] [           main] o.h.c.internal.RegionFactoryInitiator    : HHH000026: Second-level cache disabled
2026-06-06T03:16:47.708+03:00  INFO 22148 --- [zotov-navigator] [           main] o.s.o.j.p.SpringPersistenceUnitInfo      : No LoadTimeWeaver setup: ignoring JPA class transformer
2026-06-06T03:16:47.736+03:00  INFO 22148 --- [zotov-navigator] [           main] com.zaxxer.hikari.HikariDataSource       : HikariPool-1 - Starting...
2026-06-06T03:16:47.959+03:00  INFO 22148 --- [zotov-navigator] [           main] com.zaxxer.hikari.pool.HikariPool        : HikariPool-1 - Added connection conn0: url=jdbc:h2:mem:zotov user=SA
2026-06-06T03:16:47.960+03:00  INFO 22148 --- [zotov-navigator] [           main] com.zaxxer.hikari.HikariDataSource       : HikariPool-1 - Start completed.
2026-06-06T03:16:48.023+03:00  INFO 22148 --- [zotov-navigator] [           main] org.hibernate.orm.connections.pooling    : HHH10001005: Database info:
	Database JDBC URL [Connecting through datasource 'HikariDataSource (HikariPool-1)']
	Database driver: undefined/unknown
	Database version: 2.3.232
	Autocommit mode: undefined/unknown
	Isolation level: undefined/unknown
	Minimum pool size: undefined/unknown
	Maximum pool size: undefined/unknown
2026-06-06T03:16:49.036+03:00  INFO 22148 --- [zotov-navigator] [           main] o.h.e.t.j.p.i.JtaPlatformInitiator       : HHH000489: No JTA platform available (set 'hibernate.transaction.jta.platform' to enable JTA platform integration)
2026-06-06T03:16:49.121+03:00  INFO 22148 --- [zotov-navigator] [           main] j.LocalContainerEntityManagerFactoryBean : Initialized JPA EntityManagerFactory for persistence unit 'default'
2026-06-06T03:16:49.803+03:00  WARN 22148 --- [zotov-navigator] [           main] JpaBaseConfiguration$JpaWebConfiguration : spring.jpa.open-in-view is enabled by default. Therefore, database queries may be performed during view rendering. Explicitly configure spring.jpa.open-in-view to disable this warning
2026-06-06T03:16:49.836+03:00  INFO 22148 --- [zotov-navigator] [           main] o.s.b.a.w.s.WelcomePageHandlerMapping    : Adding welcome page: class path resource [static/index.html]
2026-06-06T03:16:50.328+03:00  INFO 22148 --- [zotov-navigator] [           main] o.s.b.a.h2.H2ConsoleAutoConfiguration    : H2 console available at '/h2-console'. Database available at 'jdbc:h2:mem:zotov'
2026-06-06T03:16:50.492+03:00  INFO 22148 --- [zotov-navigator] [           main] o.s.b.w.embedded.tomcat.TomcatWebServer  : Tomcat started on port 8080 (http) with context path '/'
2026-06-06T03:16:50.502+03:00  INFO 22148 --- [zotov-navigator] [           main] r.z.navigator.ZotovNavigatorApplication  : Started ZotovNavigatorApplication in 4.693 seconds (process running for 4.95)
2026-06-06T03:16:51.477+03:00  INFO 22148 --- [zotov-navigator] [nio-8080-exec-2] o.a.c.c.C.[Tomcat].[localhost].[/]       : Initializing Spring DispatcherServlet 'dispatcherServlet'
2026-06-06T03:16:51.478+03:00  INFO 22148 --- [zotov-navigator] [nio-8080-exec-2] o.s.web.servlet.DispatcherServlet        : Initializing Servlet 'dispatcherServlet'
2026-06-06T03:16:51.480+03:00  INFO 22148 --- [zotov-navigator] [nio-8080-exec-2] o.s.web.servlet.DispatcherServlet        : Completed initialization in 2 ms
